C:\Users\亚军\Desktop\CGTeamHomework\CGTeamHomework\Debug\Bounding.obj
C:\USERS\亚军\DESKTOP\CGTEAMHOMEWORK\CGTEAMHOMEWORK\DEBUG\CAMERA.OBJ
C:\USERS\亚军\DESKTOP\CGTEAMHOMEWORK\CGTEAMHOMEWORK\DEBUG\CAR.OBJ
C:\USERS\亚军\DESKTOP\CGTEAMHOMEWORK\CGTEAMHOMEWORK\DEBUG\CBMPLOADER.OBJ
C:\USERS\亚军\DESKTOP\CGTEAMHOMEWORK\CGTEAMHOMEWORK\DEBUG\CCURVE.OBJ
C:\USERS\亚军\DESKTOP\CGTEAMHOMEWORK\CGTEAMHOMEWORK\DEBUG\CEULER.OBJ
C:\Users\亚军\Desktop\CGTeamHomework\CGTeamHomework\Debug\CGTeamHomework.exe.embed.manifest
C:\USERS\亚军\DESKTOP\CGTEAMHOMEWORK\CGTEAMHOMEWORK\DEBUG\CGTEAMHOMEWORK.EXE.EMBED.MANIFEST.RES
C:\Users\亚军\Desktop\CGTeamHomework\CGTeamHomework\Debug\CGTeamHomework.exe.intermediate.manifest
C:\Users\亚军\Desktop\CGTeamHomework\CGTeamHomework\Debug\CGTeamHomework.write.1.tlog
C:\Users\亚军\Desktop\CGTeamHomework\CGTeamHomework\Debug\CGTeamHomework_manifest.rc
C:\Users\亚军\Desktop\CGTeamHomework\CGTeamHomework\Debug\cl.command.1.tlog
C:\Users\亚军\Desktop\CGTeamHomework\CGTeamHomework\Debug\CL.read.1.tlog
C:\Users\亚军\Desktop\CGTeamHomework\CGTeamHomework\Debug\CL.write.1.tlog
C:\USERS\亚军\DESKTOP\CGTEAMHOMEWORK\CGTEAMHOMEWORK\DEBUG\CMATRIX.OBJ
C:\USERS\亚军\DESKTOP\CGTEAMHOMEWORK\CGTEAMHOMEWORK\DEBUG\CQUATERNION.OBJ
C:\USERS\亚军\DESKTOP\CGTEAMHOMEWORK\CGTEAMHOMEWORK\DEBUG\CUBEBOUNDINGVOLUME.OBJ
C:\USERS\亚军\DESKTOP\CGTEAMHOMEWORK\CGTEAMHOMEWORK\DEBUG\CVECTOR.OBJ
C:\USERS\亚军\DESKTOP\CGTEAMHOMEWORK\CGTEAMHOMEWORK\DEBUG\GAMEMANAGER.OBJ
C:\Users\亚军\Desktop\CGTeamHomework\CGTeamHomework\Debug\link.command.1.tlog
C:\Users\亚军\Desktop\CGTeamHomework\CGTeamHomework\Debug\link.read.1.tlog
C:\Users\亚军\Desktop\CGTeamHomework\CGTeamHomework\Debug\link.write.1.tlog
C:\Users\亚军\Desktop\CGTeamHomework\CGTeamHomework\Debug\link-cvtres.read.1.tlog
C:\Users\亚军\Desktop\CGTeamHomework\CGTeamHomework\Debug\link-cvtres.write.1.tlog
C:\USERS\亚军\DESKTOP\CGTEAMHOMEWORK\CGTEAMHOMEWORK\DEBUG\MAIN.OBJ
C:\Users\亚军\Desktop\CGTeamHomework\CGTeamHomework\Debug\rc.command.1.tlog
C:\Users\亚军\Desktop\CGTeamHomework\CGTeamHomework\Debug\rc.read.1.tlog
C:\Users\亚军\Desktop\CGTeamHomework\CGTeamHomework\Debug\rc.write.1.tlog
C:\USERS\亚军\DESKTOP\CGTEAMHOMEWORK\CGTEAMHOMEWORK\DEBUG\SKYBOX.OBJ
C:\USERS\亚军\DESKTOP\CGTEAMHOMEWORK\CGTEAMHOMEWORK\DEBUG\SPHEREBOUNDINGVOLUME.OBJ
C:\USERS\亚军\DESKTOP\CGTEAMHOMEWORK\CGTEAMHOMEWORK\DEBUG\TEXTUREMANAGER.OBJ
C:\Users\亚军\Desktop\CGTeamHomework\CGTeamHomework\Debug\Track.obj
C:\Users\亚军\Desktop\CGTeamHomework\CGTeamHomework\Debug\vc100.idb
C:\USERS\亚军\DESKTOP\CGTEAMHOMEWORK\CGTEAMHOMEWORK\DEBUG\VC100.PDB
C:\Users\亚军\Desktop\CGTeamHomework\CGTeamHomework\Debug\vc141.idb
C:\Users\亚军\Desktop\CGTeamHomework\CGTeamHomework\Debug\vc141.pdb
C:\USERS\亚军\DESKTOP\CGTEAMHOMEWORK\CGTEAMHOMEWORK\DEBUG\WHEEL.OBJ
C:\Users\亚军\Desktop\CGTeamHomework\Debug\CGTeamHomework.pdb
